#
# There is insufficient memory for the Java Runtime Environment to continue.
# Native memory allocation (malloc) failed to allocate 1424176 bytes for Chunk::new
# Possible reasons:
#   The system is out of physical RAM or swap space
#   The process is running with CompressedOops enabled, and the Java Heap may be blocking the growth of the native heap
# Possible solutions:
#   Reduce memory load on the system
#   Increase physical memory or swap space
#   Check if swap backing store is full
#   Decrease Java heap size (-Xmx/-Xms)
#   Decrease number of Java threads
#   Decrease Java thread stack sizes (-Xss)
#   Set larger code cache with -XX:ReservedCodeCacheSize=
#   JVM is running with Zero Based Compressed Oops mode in which the Java heap is
#     placed in the first 32GB address space. The Java Heap base address is the
#     maximum limit for the native heap growth. Please use -XX:HeapBaseMinAddress
#     to set the Java Heap base and to place the Java Heap above 32GB virtual address.
# This output file may be truncated or incomplete.
#
#  Out of Memory Error (allocation.cpp:390), pid=24440, tid=0x0000000000005468
#
# JRE version: Java(TM) SE Runtime Environment (8.0_201-b09) (build 1.8.0_201-b09)
# Java VM: Java HotSpot(TM) 64-Bit Server VM (25.201-b09 mixed mode windows-amd64 compressed oops)
# Failed to write core dump. Minidumps are not enabled by default on client versions of Windows
#

---------------  T H R E A D  ---------------

Current thread (0x000000001e4ce800):  JavaThread "C2 CompilerThread2" daemon [_thread_in_native, id=21608, stack(0x000000001eec0000,0x000000001efc0000)]

Stack: [0x000000001eec0000,0x000000001efc0000]
[error occurred during error reporting (printing stack bounds), id 0xc0000005]

Native frames: (J=compiled Java code, j=interpreted, Vv=VM code, C=native code)


Current CompileTask:
C2:   4741 3298       4       org.springframework.beans.factory.support.AbstractBeanFactory::isTypeMatch (607 bytes)


---------------  P R O C E S S  ---------------

Java Threads: ( => current thread )
  0x000000001e4d6000 JavaThread "Service Thread" daemon [_thread_blocked, id=2684, stack(0x000000001f0c0000,0x000000001f1c0000)]
  0x000000001e4d3800 JavaThread "C1 CompilerThread3" daemon [_thread_blocked, id=2088, stack(0x000000001efc0000,0x000000001f0c0000)]
=>0x000000001e4ce800 JavaThread "C2 CompilerThread2" daemon [_thread_in_native, id=21608, stack(0x000000001eec0000,0x000000001efc0000)]
  0x000000001e4c7000 JavaThread "C2 CompilerThread1" daemon [_thread_in_native, id=14116, stack(0x000000001edc0000,0x000000001eec0000)]
  0x000000001e4af000 JavaThread "C2 CompilerThread0" daemon [_thread_in_native, id=22616, stack(0x000000001ecc0000,0x000000001edc0000)]
  0x000000001e49b800 JavaThread "Monitor Ctrl-Break" daemon [_thread_in_native, id=20224, stack(0x000000001ebc0000,0x000000001ecc0000)]
  0x000000001e3ff800 JavaThread "Attach Listener" daemon [_thread_blocked, id=17084, stack(0x000000001eac0000,0x000000001ebc0000)]
  0x000000001e45b800 JavaThread "Signal Dispatcher" daemon [_thread_blocked, id=22136, stack(0x000000001e9c0000,0x000000001eac0000)]
  0x000000001c5df000 JavaThread "Finalizer" daemon [_thread_blocked, id=17604, stack(0x000000001e8c0000,0x000000001e9c0000)]
  0x000000001e3e0800 JavaThread "Reference Handler" daemon [_thread_blocked, id=7968, stack(0x000000001e7c0000,0x000000001e8c0000)]
  0x0000000002892800 JavaThread "main" [_thread_in_vm, id=18156, stack(0x0000000002790000,0x0000000002890000)]

Other Threads:
  0x000000001c5d7800 VMThread [stack: 0x000000001e2c0000,0x000000001e3c0000] [id=3564]
  0x000000001e54d800 WatcherThread [stack: 0x000000001f1c0000,0x000000001f2c0000] [id=24116]

VM state:not at safepoint (normal execution)

VM Mutex/Monitor currently owned by a thread: None

heap address: 0x00000006c1000000, size: 4080 MB, Compressed Oops mode: Zero based, Oop shift amount: 3
Narrow klass base: 0x0000000000000000, Narrow klass shift: 3
Compressed class space size: 1073741824 Address: 0x00000007c0000000

Heap:
 PSYoungGen      total 128512K, used 40009K [0x000000076b000000, 0x0000000773a00000, 0x00000007c0000000)
  eden space 117760K, 33% used [0x000000076b000000,0x000000076d712658,0x0000000772300000)
  from space 10752K, 0% used [0x0000000772d00000,0x0000000772d00000,0x0000000773780000)
  to   space 10240K, 0% used [0x0000000772300000,0x0000000772300000,0x0000000772d00000)
 ParOldGen       total 126976K, used 15388K [0x00000006c1000000, 0x00000006c8c00000, 0x000000076b000000)
  object space 126976K, 12% used [0x00000006c1000000,0x00000006c1f073f0,0x00000006c8c00000)
 Metaspace       used 34923K, capacity 37280K, committed 37376K, reserved 1081344K
  class space    used 4828K, capacity 5290K, committed 5376K, reserved 1048576K

Card table byte_map: [0x0000000011f20000,0x0000000012720000] byte_map_base: 0x000000000e918000

Marking Bits: (ParMarkBitMap*) 0x0000000056344ce0
 Begin Bits: [0x0000000013470000, 0x0000000017430000)
 End Bits:   [0x0000000017430000, 0x000000001b3f0000)

Polling page: 0x0000000002690000

CodeCache: size=245760Kb used=12357Kb max_used=12357Kb free=233402Kb
 bounds [0x0000000002b60000, 0x0000000003780000, 0x0000000011b60000]
 total_blobs=3819 nmethods=3394 adapters=337
 compilation: enabled

Compilation events (10 events):
Event: 4.739 Thread 0x000000001e4d3800 3395       3       org.springframework.beans.factory.support.DefaultListableBeanFactory::getBeanNamesForType (101 bytes)
Event: 4.739 Thread 0x000000001e4d3800 nmethod 3395 0x0000000003773f50 code [0x0000000003774160, 0x0000000003774c68]
Event: 4.739 Thread 0x000000001e4d3800 3397       3       org.springframework.beans.factory.support.AbstractBeanDefinition::resolveBeanClass (24 bytes)
Event: 4.739 Thread 0x000000001e4d3800 nmethod 3397 0x0000000003775110 code [0x00000000037752c0, 0x0000000003775a38]
Event: 4.739 Thread 0x000000001e4d3800 3398       1       org.springframework.context.annotation.ConfigurationClassBeanDefinitionReader$ConfigurationClassBeanDefinition::getFactoryMethodMetadata (5 bytes)
Event: 4.739 Thread 0x000000001e4d3800 nmethod 3398 0x0000000003775c10 code [0x0000000003775d60, 0x0000000003775e70]
Event: 4.739 Thread 0x000000001e4d3800 3399       1       org.springframework.beans.factory.annotation.AnnotatedGenericBeanDefinition::getFactoryMethodMetadata (5 bytes)
Event: 4.739 Thread 0x000000001e4d3800 nmethod 3399 0x0000000003775ed0 code [0x0000000003776020, 0x0000000003776130]
Event: 4.739 Thread 0x000000001e4d3800 3400   !   3       org.springframework.context.annotation.ConfigurationClassUtils::hasBeanMethods (67 bytes)
Event: 4.740 Thread 0x000000001e4d3800 nmethod 3400 0x0000000003776190 code [0x0000000003776420, 0x0000000003777548]

GC Heap History (10 events):
Event: 3.338 GC heap before
{Heap before GC invocations=6 (full 1):
 PSYoungGen      total 76288K, used 69785K [0x000000076b000000, 0x0000000773200000, 0x00000007c0000000)
  eden space 65536K, 99% used [0x000000076b000000,0x000000076eff8338,0x000000076f000000)
  from space 10752K, 39% used [0x000000076fa80000,0x000000076feae4a0,0x0000000770500000)
  to   space 10752K, 0% used [0x000000076f000000,0x000000076f000000,0x000000076fa80000)
 ParOldGen       total 94208K, used 8666K [0x00000006c1000000, 0x00000006c6c00000, 0x000000076b000000)
  object space 94208K, 9% used [0x00000006c1000000,0x00000006c1876bb8,0x00000006c6c00000)
 Metaspace       used 24964K, capacity 26732K, committed 26880K, reserved 1073152K
  class space    used 3407K, capacity 3752K, committed 3840K, reserved 1048576K
Event: 3.343 GC heap after
Heap after GC invocations=6 (full 1):
 PSYoungGen      total 76288K, used 4323K [0x000000076b000000, 0x0000000773780000, 0x00000007c0000000)
  eden space 65536K, 0% used [0x000000076b000000,0x000000076b000000,0x000000076f000000)
  from space 10752K, 40% used [0x000000076f000000,0x000000076f438eb8,0x000000076fa80000)
  to   space 10752K, 0% used [0x0000000772d00000,0x0000000772d00000,0x0000000773780000)
 ParOldGen       total 94208K, used 8666K [0x00000006c1000000, 0x00000006c6c00000, 0x000000076b000000)
  object space 94208K, 9% used [0x00000006c1000000,0x00000006c1876bb8,0x00000006c6c00000)
 Metaspace       used 24964K, capacity 26732K, committed 26880K, reserved 1073152K
  class space    used 3407K, capacity 3752K, committed 3840K, reserved 1048576K
}
Event: 3.428 GC heap before
{Heap before GC invocations=7 (full 1):
 PSYoungGen      total 76288K, used 69859K [0x000000076b000000, 0x0000000773780000, 0x00000007c0000000)
  eden space 65536K, 100% used [0x000000076b000000,0x000000076f000000,0x000000076f000000)
  from space 10752K, 40% used [0x000000076f000000,0x000000076f438eb8,0x000000076fa80000)
  to   space 10752K, 0% used [0x0000000772d00000,0x0000000772d00000,0x0000000773780000)
 ParOldGen       total 94208K, used 8666K [0x00000006c1000000, 0x00000006c6c00000, 0x000000076b000000)
  object space 94208K, 9% used [0x00000006c1000000,0x00000006c1876bb8,0x00000006c6c00000)
 Metaspace       used 26220K, capacity 27986K, committed 28288K, reserved 1073152K
  class space    used 3532K, capacity 3897K, committed 3968K, reserved 1048576K
Event: 3.435 GC heap after
Heap after GC invocations=7 (full 1):
 PSYoungGen      total 128512K, used 4685K [0x000000076b000000, 0x0000000773a00000, 0x00000007c0000000)
  eden space 117760K, 0% used [0x000000076b000000,0x000000076b000000,0x0000000772300000)
  from space 10752K, 43% used [0x0000000772d00000,0x0000000773193780,0x0000000773780000)
  to   space 10240K, 0% used [0x0000000772300000,0x0000000772300000,0x0000000772d00000)
 ParOldGen       total 94208K, used 8666K [0x00000006c1000000, 0x00000006c6c00000, 0x000000076b000000)
  object space 94208K, 9% used [0x00000006c1000000,0x00000006c1876bb8,0x00000006c6c00000)
 Metaspace       used 26220K, capacity 27986K, committed 28288K, reserved 1073152K
  class space    used 3532K, capacity 3897K, committed 3968K, reserved 1048576K
}
Event: 3.891 GC heap before
{Heap before GC invocations=8 (full 1):
 PSYoungGen      total 128512K, used 122445K [0x000000076b000000, 0x0000000773a00000, 0x00000007c0000000)
  eden space 117760K, 100% used [0x000000076b000000,0x0000000772300000,0x0000000772300000)
  from space 10752K, 43% used [0x0000000772d00000,0x0000000773193780,0x0000000773780000)
  to   space 10240K, 0% used [0x0000000772300000,0x0000000772300000,0x0000000772d00000)
 ParOldGen       total 94208K, used 8666K [0x00000006c1000000, 0x00000006c6c00000, 0x000000076b000000)
  object space 94208K, 9% used [0x00000006c1000000,0x00000006c1876bb8,0x00000006c6c00000)
 Metaspace       used 30378K, capacity 32354K, committed 32640K, reserved 1077248K
  class space    used 4049K, capacity 4429K, committed 4480K, reserved 1048576K
Event: 3.904 GC heap after
Heap after GC invocations=8 (full 1):
 PSYoungGen      total 128000K, used 10228K [0x000000076b000000, 0x0000000773a00000, 0x00000007c0000000)
  eden space 117760K, 0% used [0x000000076b000000,0x000000076b000000,0x0000000772300000)
  from space 10240K, 99% used [0x0000000772300000,0x0000000772cfd190,0x0000000772d00000)
  to   space 10752K, 0% used [0x0000000772d00000,0x0000000772d00000,0x0000000773780000)
 ParOldGen       total 94208K, used 9017K [0x00000006c1000000, 0x00000006c6c00000, 0x000000076b000000)
  object space 94208K, 9% used [0x00000006c1000000,0x00000006c18ce5f8,0x00000006c6c00000)
 Metaspace       used 30378K, capacity 32354K, committed 32640K, reserved 1077248K
  class space    used 4049K, capacity 4429K, committed 4480K, reserved 1048576K
}
Event: 4.423 GC heap before
{Heap before GC invocations=9 (full 1):
 PSYoungGen      total 128000K, used 99427K [0x000000076b000000, 0x0000000773a00000, 0x00000007c0000000)
  eden space 117760K, 75% used [0x000000076b000000,0x000000077071bb40,0x0000000772300000)
  from space 10240K, 99% used [0x0000000772300000,0x0000000772cfd190,0x0000000772d00000)
  to   space 10752K, 0% used [0x0000000772d00000,0x0000000772d00000,0x0000000773780000)
 ParOldGen       total 94208K, used 9017K [0x00000006c1000000, 0x00000006c6c00000, 0x000000076b000000)
  object space 94208K, 9% used [0x00000006c1000000,0x00000006c18ce5f8,0x00000006c6c00000)
 Metaspace       used 33227K, capacity 35380K, committed 35456K, reserved 1079296K
  class space    used 4491K, capacity 4918K, committed 4992K, reserved 1048576K
Event: 4.429 GC heap after
Heap after GC invocations=9 (full 1):
 PSYoungGen      total 128512K, used 8237K [0x000000076b000000, 0x0000000773a00000, 0x00000007c0000000)
  eden space 117760K, 0% used [0x000000076b000000,0x000000076b000000,0x0000000772300000)
  from space 10752K, 76% used [0x0000000772d00000,0x000000077350b730,0x0000000773780000)
  to   space 10240K, 0% used [0x0000000772300000,0x0000000772300000,0x0000000772d00000)
 ParOldGen       total 94208K, used 10285K [0x00000006c1000000, 0x00000006c6c00000, 0x000000076b000000)
  object space 94208K, 10% used [0x00000006c1000000,0x00000006c1a0b608,0x00000006c6c00000)
 Metaspace       used 33227K, capacity 35380K, committed 35456K, reserved 1079296K
  class space    used 4491K, capacity 4918K, committed 4992K, reserved 1048576K
}
Event: 4.429 GC heap before
{Heap before GC invocations=10 (full 2):
 PSYoungGen      total 128512K, used 8237K [0x000000076b000000, 0x0000000773a00000, 0x00000007c0000000)
  eden space 117760K, 0% used [0x000000076b000000,0x000000076b000000,0x0000000772300000)
  from space 10752K, 76% used [0x0000000772d00000,0x000000077350b730,0x0000000773780000)
  to   space 10240K, 0% used [0x0000000772300000,0x0000000772300000,0x0000000772d00000)
 ParOldGen       total 94208K, used 10285K [0x00000006c1000000, 0x00000006c6c00000, 0x000000076b000000)
  object space 94208K, 10% used [0x00000006c1000000,0x00000006c1a0b608,0x00000006c6c00000)
 Metaspace       used 33227K, capacity 35380K, committed 35456K, reserved 1079296K
  class space    used 4491K, capacity 4918K, committed 4992K, reserved 1048576K
Event: 4.452 GC heap after
Heap after GC invocations=10 (full 2):
 PSYoungGen      total 128512K, used 0K [0x000000076b000000, 0x0000000773a00000, 0x00000007c0000000)
  eden space 117760K, 0% used [0x000000076b000000,0x000000076b000000,0x0000000772300000)
  from space 10752K, 0% used [0x0000000772d00000,0x0000000772d00000,0x0000000773780000)
  to   space 10240K, 0% used [0x0000000772300000,0x0000000772300000,0x0000000772d00000)
 ParOldGen       total 126976K, used 15388K [0x00000006c1000000, 0x00000006c8c00000, 0x000000076b000000)
  object space 126976K, 12% used [0x00000006c1000000,0x00000006c1f073f0,0x00000006c8c00000)
 Metaspace       used 33227K, capacity 35380K, committed 35456K, reserved 1079296K
  class space    used 4491K, capacity 4918K, committed 4992K, reserved 1048576K
}

Deoptimization events (10 events):
Event: 4.148 Thread 0x0000000002892800 Uncommon trap: reason=unstable_if action=reinterpret pc=0x00000000035e2720 method=org.springframework.beans.factory.support.AbstractBeanFactory.isFactoryBean(Ljava/lang/String;Lorg/springframework/beans/factory/support/RootBeanDefinition;)Z @ 38
Event: 4.346 Thread 0x0000000002892800 Uncommon trap: reason=unstable_if action=reinterpret pc=0x00000000036c2bcc method=org.springframework.beans.factory.support.AbstractBeanFactory.isTypeMatch(Ljava/lang/String;Lorg/springframework/core/ResolvableType;Z)Z @ 466
Event: 4.374 Thread 0x0000000002892800 Uncommon trap: reason=unstable_if action=reinterpret pc=0x00000000035ca488 method=org.springframework.beans.factory.support.AbstractBeanFactory.getMergedLocalBeanDefinition(Ljava/lang/String;)Lorg/springframework/beans/factory/support/RootBeanDefinition; 
Event: 4.374 Thread 0x0000000002892800 Uncommon trap: reason=unstable_if action=reinterpret pc=0x00000000035d0d64 method=org.springframework.beans.factory.support.DefaultSingletonBeanRegistry.getSingleton(Ljava/lang/String;Z)Ljava/lang/Object; @ 20
Event: 4.386 Thread 0x0000000002892800 Uncommon trap: reason=class_check action=maybe_recompile pc=0x00000000033aaa04 method=org.springframework.util.ConcurrentReferenceHashMap$Segment.findInChain(Lorg/springframework/util/ConcurrentReferenceHashMap$Reference;Ljava/lang/Object;I)Lorg/springfra
Event: 4.389 Thread 0x0000000002892800 Uncommon trap: reason=bimorphic action=maybe_recompile pc=0x000000000362ea78 method=org.springframework.core.ResolvableType.resolveType()Lorg/springframework/core/ResolvableType; @ 117
Event: 4.389 Thread 0x0000000002892800 Uncommon trap: reason=bimorphic action=maybe_recompile pc=0x000000000362ea78 method=org.springframework.core.ResolvableType.resolveType()Lorg/springframework/core/ResolvableType; @ 117
Event: 4.533 Thread 0x0000000002892800 Uncommon trap: reason=null_check action=make_not_entrant pc=0x00000000036eaaf4 method=java.lang.Class.isAnnotation()Z @ 1
Event: 4.638 Thread 0x0000000002892800 Uncommon trap: reason=unstable_if action=reinterpret pc=0x00000000036a70ec method=org.springframework.core.annotation.TypeMappedAnnotation.getValue(IZZ)Ljava/lang/Object; @ 60
Event: 4.697 Thread 0x0000000002892800 Uncommon trap: reason=null_check action=make_not_entrant pc=0x000000000372bff4 method=org.springframework.core.SerializableTypeWrapper.forTypeProvider(Lorg/springframework/core/SerializableTypeWrapper$TypeProvider;)Ljava/lang/reflect/Type; @ 45

Classes redefined (0 events):
No events

Internal exceptions (10 events):
Event: 3.215 Thread 0x0000000002892800 Exception <a 'java/lang/ClassNotFoundException': org/springframework/beans/factory/AwareCustomizer> (0x000000076e3059a0) thrown at [C:\re\workspace\8-2-build-windows-amd64-cygwin\jdk8u201\12322\hotspot\src\share\vm\classfile\systemDictionary.cpp, line 210
Event: 3.215 Thread 0x0000000002892800 Exception <a 'java/lang/ClassNotFoundException': org/springframework/context/EnvironmentAwareCustomizer> (0x000000076e32d388) thrown at [C:\re\workspace\8-2-build-windows-amd64-cygwin\jdk8u201\12322\hotspot\src\share\vm\classfile\systemDictionary.cpp, lin
Event: 3.216 Thread 0x0000000002892800 Exception <a 'java/lang/ClassNotFoundException': org/springframework/beans/factory/AwareCustomizer> (0x000000076e3534a0) thrown at [C:\re\workspace\8-2-build-windows-amd64-cygwin\jdk8u201\12322\hotspot\src\share\vm\classfile\systemDictionary.cpp, line 210
Event: 3.384 Thread 0x0000000002892800 Exception <a 'java/lang/IncompatibleClassChangeError': Found class java.lang.Object, but interface was expected> (0x000000076e6f50a8) thrown at [C:\re\workspace\8-2-build-windows-amd64-cygwin\jdk8u201\12322\hotspot\src\share\vm\interpreter\linkResolver.cp
Event: 3.488 Thread 0x0000000002892800 Exception <a 'java/lang/NoSuchMethodError': java.lang.Object.lambda$getAllAnnotationAttributes$0(Lorg/springframework/util/MultiValueMap;)Lorg/springframework/util/MultiValueMap;> (0x000000076bb6a978) thrown at [C:\re\workspace\8-2-build-windows-amd64-cyg
Event: 3.488 Thread 0x0000000002892800 Exception <a 'java/lang/NoSuchMethodError': java.lang.Object.lambda$identity$2(Ljava/lang/Object;)Ljava/lang/Object;> (0x000000076bb6e8e8) thrown at [C:\re\workspace\8-2-build-windows-amd64-cygwin\jdk8u201\12322\hotspot\src\share\vm\interpreter\linkResolv
Event: 3.600 Thread 0x0000000002892800 Exception <a 'java/io/FileNotFoundException'> (0x000000076e1c6b48) thrown at [C:\re\workspace\8-2-build-windows-amd64-cygwin\jdk8u201\12322\hotspot\src\share\vm\prims\jni.cpp, line 709]
Event: 3.656 Thread 0x0000000020a0b000 Exception <a 'java/lang/IncompatibleClassChangeError': Found class java.lang.Object, but interface was expected> (0x000000076f96a410) thrown at [C:\re\workspace\8-2-build-windows-amd64-cygwin\jdk8u201\12322\hotspot\src\share\vm\interpreter\linkResolver.cp
Event: 4.366 Thread 0x0000000002892800 Exception <a 'java/lang/NoSuchMethodError': java.lang.Object.lambda$getRequiredAttribute$0(Ljava/lang/String;)Ljava/lang/IllegalArgumentException;> (0x000000076fbacca0) thrown at [C:\re\workspace\8-2-build-windows-amd64-cygwin\jdk8u201\12322\hotspot\src\s
Event: 4.697 Thread 0x0000000002892800 Implicit null exception at 0x000000000372a123 to 0x000000000372bfe9

Events (10 events):
Event: 4.736 loading class org/springframework/cloud/context/scope/StandardScopeCache
Event: 4.736 loading class org/springframework/cloud/context/scope/StandardScopeCache done
Event: 4.736 loading class org/springframework/cloud/context/scope/GenericScope$LockedScopedProxyFactoryBean
Event: 4.736 loading class org/springframework/cloud/context/scope/GenericScope$LockedScopedProxyFactoryBean done
Event: 4.738 loading class org/springframework/beans/factory/config/BeanFactoryPostProcessor
Event: 4.738 loading class org/springframework/beans/factory/config/BeanFactoryPostProcessor done
Event: 4.739 loading class org/springframework/context/annotation/ConfigurationClassEnhancer
Event: 4.739 loading class org/springframework/context/annotation/ConfigurationClassEnhancer done
Event: 4.740 loading class org/springframework/cglib/core/NamingPolicy
Event: 4.740 loading class org/springframework/cglib/core/NamingPolicy done


Dynamic libraries:
0x00007ff608310000 - 0x00007ff608347000 	C:\Program Files\Java\jdk1.8.0_201\bin\java.exe
0x00007ff9074b0000 - 0x00007ff9076a5000 	C:\WINDOWS\SYSTEM32\ntdll.dll
0x00007ff905c60000 - 0x00007ff905d1d000 	C:\WINDOWS\System32\KERNEL32.DLL
0x00007ff904fc0000 - 0x00007ff905288000 	C:\WINDOWS\System32\KERNELBASE.dll
0x00007ff905dd0000 - 0x00007ff905e7c000 	C:\WINDOWS\System32\ADVAPI32.dll
0x00007ff906400000 - 0x00007ff90649e000 	C:\WINDOWS\System32\msvcrt.dll
0x00007ff906da0000 - 0x00007ff906e3b000 	C:\WINDOWS\System32\sechost.dll
0x00007ff906e40000 - 0x00007ff906f6b000 	C:\WINDOWS\System32\RPCRT4.dll
0x00007ff9068f0000 - 0x00007ff906a90000 	C:\WINDOWS\System32\USER32.dll
0x00007ff904de0000 - 0x00007ff904e02000 	C:\WINDOWS\System32\win32u.dll
0x00007ff905e90000 - 0x00007ff905eba000 	C:\WINDOWS\System32\GDI32.dll
0x00007ff904e10000 - 0x00007ff904f1b000 	C:\WINDOWS\System32\gdi32full.dll
0x00007ff904f20000 - 0x00007ff904fbd000 	C:\WINDOWS\System32\msvcp_win.dll
0x00007ff9052c0000 - 0x00007ff9053c0000 	C:\WINDOWS\System32\ucrtbase.dll
0x00007ff8f5660000 - 0x00007ff8f58fa000 	C:\WINDOWS\WinSxS\amd64_microsoft.windows.common-controls_6595b64144ccf1df_6.0.19041.1052_none_60b8f8fd71f5e8cb\COMCTL32.dll
0x00007ff906bb0000 - 0x00007ff906be0000 	C:\WINDOWS\System32\IMM32.DLL
0x00000000563d0000 - 0x00000000564a1000 	C:\Program Files\Java\jdk1.8.0_201\jre\bin\msvcr100.dll
0x0000000055b20000 - 0x00000000563c4000 	C:\Program Files\Java\jdk1.8.0_201\jre\bin\server\jvm.dll
0x00007ff905e80000 - 0x00007ff905e88000 	C:\WINDOWS\System32\PSAPI.DLL
0x00007ff9008c0000 - 0x00007ff9008c9000 	C:\WINDOWS\SYSTEM32\WSOCK32.dll
0x00007ff906be0000 - 0x00007ff906c4b000 	C:\WINDOWS\System32\WS2_32.dll
0x00007ff8f8480000 - 0x00007ff8f84a7000 	C:\WINDOWS\SYSTEM32\WINMM.dll
0x00007ff8fa690000 - 0x00007ff8fa69a000 	C:\WINDOWS\SYSTEM32\VERSION.dll
0x00007ff8fec50000 - 0x00007ff8fec5f000 	C:\Program Files\Java\jdk1.8.0_201\jre\bin\verify.dll
0x00007ff8ddbf0000 - 0x00007ff8ddc19000 	C:\Program Files\Java\jdk1.8.0_201\jre\bin\java.dll
0x00007ff8dd510000 - 0x00007ff8dd533000 	C:\Program Files\Java\jdk1.8.0_201\jre\bin\instrument.dll
0x00007ff8fe330000 - 0x00007ff8fe346000 	C:\Program Files\Java\jdk1.8.0_201\jre\bin\zip.dll
0x00007ff905520000 - 0x00007ff905c5f000 	C:\WINDOWS\System32\SHELL32.dll
0x00007ff902d20000 - 0x00007ff9034b0000 	C:\WINDOWS\SYSTEM32\windows.storage.dll
0x00007ff907110000 - 0x00007ff907465000 	C:\WINDOWS\System32\combase.dll
0x00007ff904590000 - 0x00007ff9045bc000 	C:\WINDOWS\SYSTEM32\Wldp.dll
0x00007ff905d20000 - 0x00007ff905dce000 	C:\WINDOWS\System32\SHCORE.dll
0x00007ff906b50000 - 0x00007ff906ba5000 	C:\WINDOWS\System32\shlwapi.dll
0x00007ff904b30000 - 0x00007ff904b4f000 	C:\WINDOWS\SYSTEM32\profapi.dll
0x00007ff8e8100000 - 0x00007ff8e811a000 	D:\IntelliJ IDEA 2020.1.3\bin\breakgen64.dll
0x00007ff8ed3b0000 - 0x00007ff8ed3ca000 	C:\Program Files\Java\jdk1.8.0_201\jre\bin\net.dll
0x00007ff8f6850000 - 0x00007ff8f6a3c000 	C:\WINDOWS\SYSTEM32\urlmon.dll
0x00007ff8f5ab0000 - 0x00007ff8f5d60000 	C:\WINDOWS\SYSTEM32\iertutil.dll
0x00007ff904370000 - 0x00007ff9043da000 	C:\WINDOWS\system32\mswsock.dll
0x00007ff8ed370000 - 0x00007ff8ed381000 	C:\Program Files\Java\jdk1.8.0_201\jre\bin\nio.dll
0x00007ff904030000 - 0x00007ff90406b000 	C:\WINDOWS\SYSTEM32\IPHLPAPI.DLL
0x00007ff906a90000 - 0x00007ff906a98000 	C:\WINDOWS\System32\NSI.dll
0x00007ff8fdaf0000 - 0x00007ff8fdb07000 	C:\WINDOWS\SYSTEM32\dhcpcsvc6.DLL
0x00007ff8fdad0000 - 0x00007ff8fdaed000 	C:\WINDOWS\SYSTEM32\dhcpcsvc.DLL
0x00007ff904070000 - 0x00007ff90413c000 	C:\WINDOWS\SYSTEM32\DNSAPI.dll
0x00007ff8fa820000 - 0x00007ff8fa82a000 	C:\Windows\System32\rasadhlp.dll
0x00007ff8fc670000 - 0x00007ff8fc6ef000 	C:\WINDOWS\System32\fwpuclnt.dll
0x00007ff905290000 - 0x00007ff9052b7000 	C:\WINDOWS\System32\bcrypt.dll
0x00007ff8fe170000 - 0x00007ff8fe17d000 	C:\Program Files\Java\jdk1.8.0_201\jre\bin\management.dll
0x00007ff8e7510000 - 0x00007ff8e7527000 	C:\WINDOWS\system32\napinsp.dll
0x00007ff8e73f0000 - 0x00007ff8e740b000 	C:\WINDOWS\system32\pnrpnsp.dll
0x00007ff8fff60000 - 0x00007ff8fff75000 	C:\WINDOWS\system32\wshbth.dll
0x00007ff900650000 - 0x00007ff90066d000 	C:\WINDOWS\system32\NLAapi.dll
0x00007ff8e72d0000 - 0x00007ff8e72e2000 	C:\WINDOWS\System32\winrnr.dll

VM Arguments:
jvm_args: -ea -javaagent:C:\Users\AAA\AppData\Local\JetBrains\IntelliJIdea2021.1\testAgent\intellij-coverage-agent-1.0.579.jar=C:\Users\AAA\AppData\Local\Temp\coverage3args -Didea.test.cyclic.buffer.size=1048576 -javaagent:D:\IntelliJ IDEA 2020.1.3\lib\idea_rt.jar=53197:D:\IntelliJ IDEA 2020.1.3\bin -Dfile.encoding=UTF-8 
java_command: com.intellij.rt.junit.JUnitStarter -ideVersion5 -junit5 @w@C:\Users\AAA\AppData\Local\Temp\idea_working_dirs_junit.tmp @C:\Users\AAA\AppData\Local\Temp\idea_junit.tmp -socket53196
java_class_path (initial): D:\IntelliJ IDEA 2020.1.3\lib\idea_rt.jar;C:\Users\AAA\.m2\repository\org\junit\platform\junit-platform-launcher\1.7.2\junit-platform-launcher-1.7.2.jar;C:\Users\AAA\.m2\repository\org\junit\vintage\junit-vintage-engine\5.7.2\junit-vintage-engine-5.7.2.jar;D:\IntelliJ IDEA 2020.1.3\plugins\junit\lib\junit5-rt.jar;D:\IntelliJ IDEA 2020.1.3\plugins\junit\lib\junit-rt.jar;C:\Program Files\Java\jdk1.8.0_201\jre\lib\charsets.jar;C:\Program Files\Java\jdk1.8.0_201\jre\lib\deploy.jar;C:\Program Files\Java\jdk1.8.0_201\jre\lib\ext\access-bridge-64.jar;C:\Program Files\Java\jdk1.8.0_201\jre\lib\ext\cldrdata.jar;C:\Program Files\Java\jdk1.8.0_201\jre\lib\ext\dnsns.jar;C:\Program Files\Java\jdk1.8.0_201\jre\lib\ext\jaccess.jar;C:\Program Files\Java\jdk1.8.0_201\jre\lib\ext\jfxrt.jar;C:\Program Files\Java\jdk1.8.0_201\jre\lib\ext\localedata.jar;C:\Program Files\Java\jdk1.8.0_201\jre\lib\ext\nashorn.jar;C:\Program Files\Java\jdk1.8.0_201\jre\lib\ext\sunec.jar;C:\Program Files\Java\jdk1.8.0_201\jre\lib\ext\sunjce_provider.jar;C:\Program Files\Java\jdk1.8.0_201\jre\lib\ext\sunmscapi.jar;C:\Program Files\Java\jdk1.8.0_201\jre\lib\ext\sunpkcs11.jar;C:\Program Files\Java\jdk1.8.0_201\jre\lib\ext\zipfs.jar;C:\Program Files\Java\jdk1.8.0_201\jre\lib\javaws.jar;C:\Program Files\Java\jdk1.8.0_201\jre\lib\jce.jar;C:\Program Files\Java\jdk1.8.0_201\jre\lib\jfr.jar;C:\Program Files\Java\jdk1.8.0_201\jre\lib\jfxswt.jar;C:\Program Files\Java\jdk1.8.0_201\jre\lib\jsse.jar;C:\Program Files\Java\jdk1.8.0_201\jre\lib\management-agent.jar;C:\Program Files\Java\jdk1.8.0_201\jre\lib\plugin.jar;C:\Program Files\Java\jdk1.8.0_201\jre\lib\resources.jar;C:\Program Files\Java\jdk1.8.0_201\jre\lib\rt.jar;C:\Users\AAA\Desktop\StrangeLibrary\backend-micro\user-service\target\test-classes;C:\Users\AAA\Desktop\StrangeLibrary\backend-micro\user-service\target\classes;C:\Users\AAA\.m2\repository\org\springframework\cloud\spring-cloud-starter-netflix-eureka-client\3.0.3\spring-cloud-
Launcher Type: SUN_STANDARD

Environment Variables:
JAVA_HOME=C:\Program Files\Java\jdk1.8.0_201
PATH=C:\Python39\Scripts\;C:\Python39\;C:\Windows\system32;C:\Windows;C:\Windows\System32\Wbem;C:\Windows\System32\WindowsPowerShell\v1.0\;C:\Windows\System32\OpenSSH\;D:\MATLAB R2019a\runtime\win64;D:\MATLAB R2019a\bin;D:\MATLAB R2019a\polyspace\bin;C:\Program Files\Git\cmd;D:\maven\bin;D:\xampp\mysql\bin;C:\Program Files\nodejs\node_global;D:\MinGW\bin;C:\Program Files (x86)\NVIDIA Corporation\PhysX\Common;C:\Program Files\NVIDIA Corporation\NVIDIA NvDLISR;C:\Program Files\Java\jdk1.8.0_201\bin;C:\Program Files\Java\jdk1.8.0_201\jre\bin;C:\WINDOWS\system32;C:\WINDOWS;C:\WINDOWS\System32\Wbem;C:\WINDOWS\System32\WindowsPowerShell\v1.0\;C:\WINDOWS\System32\OpenSSH\;D:\nodejs\;C:\ProgramData\chocolatey\bin;C:\Program Files\MySQL\MySQL Server 5.7\bin;;C:\Program Files\Docker\Docker\resources\bin;C:\ProgramData\DockerDesktop\version-bin;C:\Users\AAA\AppData\Local\Programs\Python\Python38\Scripts\;C:\Users\AAA\AppData\Local\Programs\Python\Python38\;C:\Users\AAA\AppData\Local\Microsoft\WindowsApps;D:\IntelliJ IDEA 2020.1.3\bin;D:\PyCharm 2020.1.3\bin;D:\PhpStorm 2020.1.3\bin;D:\Microsoft VS Code\bin;C:\Program Files\Bandizip\;;C:\Users\AAA\AppData\Local\Microsoft\WindowsApps;D:\CLion 2020.3.2\bin;;C:\Users\AAA\AppData\Roaming\npm
USERNAME=AAA
OS=Windows_NT
PROCESSOR_IDENTIFIER=Intel64 Family 6 Model 158 Stepping 13, GenuineIntel



---------------  S Y S T E M  ---------------

OS: Windows 10.0 , 64 bit Build 19041 (10.0.19041.1023)

CPU:total 8 (initial active 8) (8 cores per cpu, 1 threads per core) family 6 model 158 stepping 13, cmov, cx8, fxsr, mmx, sse, sse2, sse3, ssse3, sse4.1, sse4.2, popcnt, avx, avx2, aes, clmul, erms, rtm, 3dnowpref, lzcnt, tsc, tscinvbit, bmi1, bmi2, adx

Memory: 4k page, physical 16710120k(2678512k free), swap 23001576k(4096k free)

vm_info: Java HotSpot(TM) 64-Bit Server VM (25.201-b09) for windows-amd64 JRE (1.8.0_201-b09), built on Dec 15 2018 18:36:39 by "java_re" with MS VC++ 10.0 (VS2010)

time: Sun Jun 13 22:35:50 2021
timezone: 中国标准时间
elapsed time: 4 seconds (0d 0h 0m 4s)

